2025-11-29 14:40:54,671 INFO [mbc] [INFO] WebSocket handlers initialized
2025-11-29 14:40:55,067 INFO [mbc] [INFO] WebSocket handlers initialized
2025-11-29 14:40:55,174 INFO [mbc] [INFO] WebSocket handlers initialized
2025-11-29 14:46:08,026 INFO [mbc] [INFO] WebSocket handlers initialized
2025-11-29 14:46:08,059 INFO [mbc] [INFO] WebSocket handlers initialized
2025-11-29 14:46:08,425 INFO [mbc] [INFO] WebSocket handlers initialized
2025-11-29 15:10:28,626 INFO [mbc] [INFO] WebSocket handlers initialized
2025-11-29 15:10:28,841 INFO [mbc] [INFO] WebSocket handlers initialized
2025-11-29 15:10:29,244 INFO [mbc] [INFO] WebSocket handlers initialized
2025-11-29 15:10:41,556 INFO [mbc] [INFO] WebSocket handlers initialized
2025-11-29 15:10:41,651 INFO [mbc] [INFO] WebSocket handlers initialized
2025-11-29 15:10:41,993 INFO [mbc] [INFO] WebSocket handlers initialized
2025-11-29 15:10:53,387 INFO [mbc] [INFO] WebSocket handlers initialized
2025-11-29 15:10:53,481 INFO [mbc] [INFO] WebSocket handlers initialized
2025-11-29 15:10:53,756 INFO [mbc] [INFO] WebSocket handlers initialized
2025-11-29 15:11:05,429 INFO [mbc] [INFO] WebSocket handlers initialized
2025-11-29 15:11:05,456 INFO [mbc] [INFO] WebSocket handlers initialized
2025-11-29 15:11:05,894 INFO [mbc] [INFO] WebSocket handlers initialized
2025-11-29 15:11:31,259 INFO [mbc] [INFO] WebSocket handlers initialized
2025-11-29 15:11:31,424 INFO [mbc] [INFO] WebSocket handlers initialized
2025-11-29 15:11:31,879 INFO [mbc] [INFO] WebSocket handlers initialized
2025-11-29 15:11:43,905 INFO [mbc] [INFO] WebSocket handlers initialized
2025-11-29 15:11:44,049 INFO [mbc] [INFO] WebSocket handlers initialized
2025-11-29 15:11:44,410 INFO [mbc] [INFO] WebSocket handlers initialized
2025-11-29 15:15:41,809 INFO [mbc] [INFO] WebSocket handlers initialized
2025-11-29 15:17:45,876 INFO [mbc] [INFO] WebSocket handlers initialized
2025-11-29 15:19:55,134 INFO [mbc] [INFO] WebSocket handlers initialized
2025-11-29 15:19:55,307 INFO [mbc] [INFO] WebSocket handlers initialized
2025-11-29 15:19:55,787 INFO [mbc] [INFO] WebSocket handlers initialized
2025-11-29 15:25:15,708 INFO [mbc] [INFO] WebSocket handlers initialized
2025-11-29 15:25:27,934 INFO [mbc] [INFO] WebSocket handlers initialized
2025-11-29 15:26:30,346 INFO [mbc] [INFO] WebSocket handlers initialized
2025-11-29 15:26:38,920 INFO [mbc] [INFO] WebSocket handlers initialized
2025-11-29 15:26:46,546 INFO [mbc] [INFO] WebSocket handlers initialized
2025-11-29 15:26:56,158 INFO [mbc] [INFO] WebSocket handlers initialized
2025-11-29 15:27:06,502 INFO [mbc] [INFO] WebSocket handlers initialized
2025-11-29 15:31:09,390 INFO [mbc] [INFO] WebSocket handlers initialized
2025-11-29 15:33:59,198 ERROR [mbc] [UPLOAD] Error: 'File' object has no attribute 'filename'
Traceback (most recent call last):
  File "C:\Users\User\Desktop\mbc\backend\main.py", line 583, in upload_file
    return await _handler()
           ^^^^^^^^^^^^^^^^
  File "C:\Users\User\Desktop\mbc\backend\main.py", line 566, in _handler
    orig_name = file.filename
                ^^^^^^^^^^^^^
AttributeError: 'File' object has no attribute 'filename'
2025-11-29 15:34:18,097 INFO [mbc] [INFO] WebSocket handlers initialized
2025-11-29 15:34:31,280 INFO [mbc] [INFO] WebSocket handlers initialized
2025-11-29 15:35:18,605 INFO [mbc] [INFO] WebSocket handlers initialized
2025-11-29 15:35:28,879 INFO [mbc] [INFO] WebSocket handlers initialized
2025-11-29 15:36:55,920 INFO [mbc] [INFO] WebSocket handlers initialized
2025-11-29 15:37:08,992 INFO [mbc] [INFO] WebSocket handlers initialized
2025-11-29 15:37:21,728 INFO [mbc] [INFO] WebSocket handlers initialized
2025-11-29 15:37:45,793 INFO [mbc] [INFO] WebSocket handlers initialized
2025-11-29 15:39:25,553 INFO [mbc] [INFO] WebSocket handlers initialized
2025-11-29 15:39:26,062 INFO [mbc] [INFO] WebSocket handlers initialized
2025-11-29 15:43:32,560 INFO [mbc] [INFO] WebSocket handlers initialized
2025-11-29 15:43:32,949 INFO [mbc] [INFO] WebSocket handlers initialized
2025-11-29 15:43:50,846 INFO [mbc] [INFO] WebSocket handlers initialized
2025-11-29 15:43:51,263 INFO [mbc] [INFO] WebSocket handlers initialized
2025-11-29 15:44:14,144 INFO [mbc] [INFO] WebSocket handlers initialized
2025-11-29 15:44:14,431 INFO [mbc] [INFO] WebSocket handlers initialized
2025-11-29 15:45:24,543 INFO [mbc] [INFO] WebSocket handlers initialized
2025-11-29 15:45:24,760 INFO [mbc] [INFO] WebSocket handlers initialized
2025-11-29 15:52:51,861 INFO [mbc] [INFO] WebSocket handlers initialized
2025-11-29 15:53:45,773 INFO [mbc] [INFO] WebSocket handlers initialized
2025-11-29 15:54:47,618 INFO [mbc] [INFO] WebSocket handlers initialized
2025-11-29 15:54:48,859 INFO [mbc] [INFO] WebSocket handlers initialized
2025-11-29 15:56:58,868 INFO [mbc] [INFO] WebSocket handlers initialized
2025-11-29 15:57:11,563 INFO [mbc] [INFO] WebSocket handlers initialized
2025-11-29 15:57:16,628 INFO [mbc] [INFO] WebSocket handlers initialized
2025-11-29 16:00:48,792 INFO [mbc] [INFO] WebSocket handlers initialized
2025-11-29 16:00:52,134 INFO [mbc] [INFO] WebSocket handlers initialized
2025-11-29 16:16:18,947 INFO [mbc] [INFO] WebSocket handlers initialized
2025-11-29 16:30:52,560 INFO [mbc] [INFO] WebSocket handlers initialized
2025-11-29 16:31:00,648 INFO [mbc] [INFO] WebSocket handlers initialized
2025-11-29 16:39:08,047 INFO [mbc] [INFO] WebSocket handlers initialized
2025-11-29 16:53:43,110 INFO [mbc] [INFO] WebSocket handlers initialized
2025-11-29 16:54:44,255 INFO [mbc] [INFO] WebSocket handlers initialized
2025-11-29 16:56:02,799 INFO [mbc] [INFO] WebSocket handlers initialized
2025-11-29 16:57:45,656 INFO [mbc] [INFO] WebSocket handlers initialized
2025-11-29 17:03:00,614 INFO [mbc] [INFO] WebSocket handlers initialized
2025-11-29 17:04:25,096 INFO [mbc] [INFO] WebSocket handlers initialized
2025-11-29 17:10:20,623 INFO [mbc] [INFO] WebSocket handlers initialized
2025-11-29 17:16:07,682 INFO [mbc] [INFO] WebSocket handlers initialized
2025-11-29 17:18:30,918 INFO [mbc] [INFO] WebSocket handlers initialized
2025-12-01 11:12:22,108 INFO [mbc] [INFO] WebSocket handlers initialized
2025-12-01 11:29:59,444 INFO [mbc] [INFO] WebSocket handlers initialized
2025-12-01 11:30:32,863 INFO [mbc] [INFO] WebSocket handlers initialized
2025-12-01 11:31:48,722 INFO [mbc] [INFO] WebSocket handlers initialized
2025-12-01 11:48:43,407 INFO [mbc] [INFO] WebSocket handlers initialized
2025-12-01 11:49:48,341 INFO [mbc] [INFO] WebSocket handlers initialized
2025-12-01 11:50:07,712 INFO [mbc] [INFO] WebSocket handlers initialized
2025-12-01 11:55:21,784 INFO [mbc] [INFO] WebSocket handlers initialized
2025-12-01 11:55:21,824 INFO [mbc] [INFO] WebSocket handlers initialized
2025-12-01 12:07:54,682 INFO [mbc] [INFO] WebSocket handlers initialized
2025-12-01 12:08:37,539 INFO [mbc] [INFO] WebSocket handlers initialized
2025-12-01 12:08:52,282 INFO [mbc] [INFO] WebSocket handlers initialized
2025-12-01 12:11:34,627 INFO [mbc] Register attempt: email=admin@mbctherapy.com, role=admin
2025-12-01 17:23:55,204 INFO [mbc] [INFO] WebSocket handlers initialized
2025-12-01 17:40:30,447 INFO [mbc] [INFO] WebSocket handlers initialized
2025-12-01 17:43:58,259 INFO [mbc] [INFO] WebSocket handlers initialized
2025-12-01 17:48:04,251 INFO [mbc] [INFO] WebSocket handlers initialized
2025-12-01 17:48:56,362 INFO [mbc] [INFO] WebSocket handlers initialized
2025-12-01 17:49:45,699 INFO [mbc] [INFO] WebSocket handlers initialized
2025-12-01 17:49:47,006 INFO [mbc] [INFO] WebSocket handlers initialized
2025-12-01 17:50:15,000 INFO [mbc] [INFO] WebSocket handlers initialized
2025-12-01 17:51:43,726 INFO [mbc] Register attempt: email=ram@gmail.com, role=admin
2025-12-01 17:51:44,721 INFO [mbc] Register attempt: email=ram@gmail.com, role=admin
2025-12-01 17:51:45,321 INFO [mbc] Register attempt: email=ram@gmail.com, role=admin
2025-12-01 17:51:45,761 INFO [mbc] Register attempt: email=ram@gmail.com, role=admin
2025-12-01 17:51:46,097 INFO [mbc] Register attempt: email=ram@gmail.com, role=admin
2025-12-01 17:54:28,218 INFO [mbc] [INFO] WebSocket handlers initialized
2025-12-01 17:54:36,253 INFO [mbc] [INFO] WebSocket handlers initialized
2025-12-01 17:55:07,140 INFO [mbc] [INFO] WebSocket handlers initialized
2025-12-01 17:55:52,189 INFO [mbc] [INFO] WebSocket handlers initialized
2025-12-01 18:17:52,650 INFO [mbc] [INFO] WebSocket handlers initialized
2025-12-02 10:38:58,782 INFO [mbc] [INFO] WebSocket handlers initialized
2025-12-02 10:53:56,704 INFO [mbc] [INFO] WebSocket handlers initialized
2025-12-03 12:52:40,434 INFO [mbc] [INFO] WebSocket handlers initialized
2025-12-03 13:44:33,564 INFO [mbc] [INFO] WebSocket handlers initialized
2025-12-03 14:48:25,206 INFO [mbc] [INFO] WebSocket handlers initialized
2025-12-03 15:46:40,150 INFO [mbc] [INFO] WebSocket handlers initialized
2025-12-03 15:47:20,209 INFO [mbc] [INFO] WebSocket handlers initialized
2025-12-03 15:56:44,542 INFO [mbc] [INFO] WebSocket handlers initialized
2025-12-03 16:04:59,361 INFO [mbc] [INFO] WebSocket handlers initialized
2025-12-03 16:07:33,901 INFO [mbc] [INFO] WebSocket handlers initialized
2025-12-03 16:24:11,364 INFO [mbc] [INFO] WebSocket handlers initialized
2025-12-03 16:24:18,965 INFO [mbc] [INFO] WebSocket handlers initialized
2025-12-03 16:34:47,453 INFO [mbc] [INFO] WebSocket handlers initialized
2025-12-03 16:34:58,467 INFO [mbc] [INFO] WebSocket handlers initialized
2025-12-03 16:40:13,836 INFO [mbc] [INFO] WebSocket handlers initialized
2025-12-03 16:40:23,125 INFO [mbc] [INFO] WebSocket handlers initialized
2025-12-03 16:41:14,265 INFO [mbc] [INFO] WebSocket handlers initialized
2025-12-03 17:01:12,163 INFO [mbc] [SIGNAL] registered user ram2@gmail.com -> sid Ddo9cpA7eAXFRuV9AAAH
2025-12-03 17:08:53,733 INFO [mbc] [SIGNAL] registered user ram2@gmail.com -> sid 5ceo_bXr1H8MAm_ZAAAL
2025-12-03 17:10:44,795 INFO [mbc] [SIGNAL] registered user kashyap@gmail.com -> sid O75wwVrcKzKMKbErAAAN
2025-12-03 17:11:04,414 INFO [mbc] [SIGNAL] call_request from kashyap@gmail.com to ram2@gmail.com
2025-12-03 17:11:04,415 INFO [mbc] [SIGNAL] incoming_call emitted to 2 sid(s) for ram2@gmail.com
2025-12-05 12:09:11,578 INFO [mbc] [INFO] WebSocket handlers initialized
2025-12-05 12:10:05,743 INFO [mbc] Register attempt: email=car@gmail.com, role=doctor
2025-12-05 12:10:18,585 INFO [mbc] Register attempt: email=car@gmail.com, role=doctor
2025-12-05 12:10:25,217 INFO [mbc] Register attempt: email=car@gmail.com, role=doctor
2025-12-05 12:12:59,623 INFO [mbc] [INFO] WebSocket handlers initialized
2025-12-05 12:13:12,834 INFO [mbc] [INFO] WebSocket handlers initialized
2025-12-05 12:14:01,269 INFO [mbc] Register attempt: email=car@gmail.com, role=doctor
2025-12-05 12:14:02,375 INFO [mbc] Register attempt: email=car@gmail.com, role=doctor
2025-12-05 12:14:03,717 INFO [mbc] Register attempt: email=car@gmail.com, role=doctor
2025-12-05 12:17:50,365 INFO [mbc] [INFO] WebSocket handlers initialized
2025-12-05 12:18:13,918 INFO [mbc] [INFO] WebSocket handlers initialized
2025-12-05 12:18:34,839 INFO [mbc] [INFO] WebSocket handlers initialized
2025-12-05 12:21:13,637 INFO [mbc] [INFO] WebSocket handlers initialized
2025-12-05 12:22:25,874 INFO [mbc] [INFO] WebSocket handlers initialized
2025-12-05 12:32:05,444 INFO [mbc] [INFO] WebSocket handlers initialized
2025-12-05 12:32:54,251 INFO [mbc] [INFO] WebSocket handlers initialized
2025-12-05 12:33:47,688 INFO [mbc] Register attempt: email=ram@gmail.com, role=admin
2025-12-05 12:33:52,156 INFO [mbc] Register attempt: email=ram1@gmail.com, role=admin
2025-12-05 12:36:04,112 INFO [mbc] Register attempt: email=ram1@gmail.com, role=admin
2025-12-05 12:36:42,684 INFO [mbc] [INFO] WebSocket handlers initialized
2025-12-05 12:36:42,741 INFO [mbc] Register attempt: email=ram1@gmail.com, role=admin
2025-12-05 12:36:56,466 INFO [mbc] [INFO] WebSocket handlers initialized
2025-12-05 12:36:57,816 INFO [mbc] [INFO] WebSocket handlers initialized
2025-12-05 12:37:03,109 INFO [mbc] Register attempt: email=ram1@gmail.com, role=admin
2025-12-05 12:37:43,618 INFO [mbc] [INFO] WebSocket handlers initialized
2025-12-05 12:37:44,470 INFO [mbc] [INFO] WebSocket handlers initialized
2025-12-05 12:37:48,958 INFO [mbc] [INFO] WebSocket handlers initialized
2025-12-05 12:37:58,743 INFO [mbc] [INFO] WebSocket handlers initialized
2025-12-05 12:38:16,844 INFO [mbc] Register attempt: email=ram1@gmail.com, role=admin
2025-12-05 12:39:20,289 INFO [mbc] [INFO] WebSocket handlers initialized
2025-12-05 12:39:28,470 INFO [mbc] [INFO] WebSocket handlers initialized
2025-12-05 12:40:06,672 INFO [mbc] [INFO] WebSocket handlers initialized
2025-12-05 12:40:11,525 INFO [mbc] Register attempt: email=ram1@gmail.com, role=admin
2025-12-05 12:40:15,567 INFO [mbc] [INFO] WebSocket handlers initialized
2025-12-05 12:42:09,604 INFO [mbc] Register attempt: email=car1@gmail.com, role=doctor
2025-12-05 12:42:57,522 INFO [mbc] Register attempt: email=car2@gmail.com, role=admin
2026-01-27 17:17:25,306 INFO [mbc] [INFO] WebSocket handlers initialized
2026-01-27 17:17:45,086 INFO [mbc] Register attempt: email=admin@mbctherapy.com, role=admin
2026-01-27 17:19:51,849 INFO [mbc] [INFO] WebSocket handlers initialized
2026-01-27 17:19:58,957 INFO [mbc] Register attempt: email=admin@mbctherapy.com, role=admin
2026-01-27 17:35:19,868 INFO [mbc] [INFO] WebSocket handlers initialized
2026-01-27 17:36:14,983 INFO [mbc] [INFO] WebSocket handlers initialized
2026-01-27 17:37:45,867 INFO [mbc] [INFO] WebSocket handlers initialized
2026-01-27 17:38:19,459 INFO [mbc] [INFO] WebSocket handlers initialized
2026-01-27 18:07:22,241 INFO [mbc] [INFO] WebSocket handlers initialized
2026-01-27 18:09:04,257 INFO [mbc] [INFO] WebSocket handlers initialized
2026-01-27 18:11:54,475 INFO [mbc] [INFO] WebSocket handlers initialized
2026-01-27 18:11:59,446 INFO [mbc] Register attempt: email=nidhi@gmail.com, role=admin
2026-01-27 18:12:32,201 INFO [mbc] Register attempt: email=nidhi2@gmail.com, role=admin
2026-01-28 10:41:30,170 INFO [mbc] [INFO] WebSocket handlers initialized
2026-01-28 10:43:07,834 INFO [mbc] [INFO] WebSocket handlers initialized
2026-01-28 10:43:11,877 INFO [mbc] Register attempt: email=nidhi3@gmail.com, role=admin
2026-01-28 10:43:30,529 INFO [mbc] Register attempt: email=nidhi3@gmail.com, role=admin
2026-01-28 10:43:36,993 INFO [mbc] Register attempt: email=nidhi4@gmail.com, role=admin
2026-01-28 10:57:08,191 INFO [mbc] Register attempt: email=doc1@mbctherapy.com, role=doctor
2026-01-28 12:43:28,542 INFO [mbc] [INFO] WebSocket handlers initialized
2026-01-28 13:19:31,840 INFO [mbc] [INFO] WebSocket handlers initialized
2026-01-28 13:21:00,080 INFO [mbc] [INFO] WebSocket handlers initialized
2026-01-28 13:21:07,903 INFO [mbc] [INFO] WebSocket handlers initialized
2026-01-28 13:22:00,478 INFO [mbc] [INFO] WebSocket handlers initialized
2026-01-28 13:22:41,454 INFO [mbc] [INFO] WebSocket handlers initialized
2026-01-28 18:09:02,700 INFO [mbc] [INFO] WebSocket handlers initialized
2026-01-28 18:09:47,457 INFO [mbc] [INFO] WebSocket handlers initialized
2026-01-29 07:06:30,457 INFO [mbc] [INFO] WebSocket handlers initialized
2026-01-29 07:08:20,016 INFO [mbc] [INFO] WebSocket handlers initialized
2026-01-29 07:13:20,502 INFO [mbc] [INFO] WebSocket handlers initialized
2026-01-29 07:13:23,060 INFO [mbc] [INFO] WebSocket handlers initialized
2026-01-29 07:14:18,110 INFO [mbc] [INFO] WebSocket handlers initialized
2026-01-29 07:16:07,656 INFO [mbc] [INFO] WebSocket handlers initialized
2026-01-29 07:19:12,724 INFO [mbc] [INFO] WebSocket handlers initialized
2026-01-29 07:19:17,557 INFO [mbc] [INFO] WebSocket handlers initialized
2026-01-29 07:19:19,069 INFO [mbc] [INFO] WebSocket handlers initialized
2026-01-29 07:19:26,986 INFO [mbc] [INFO] WebSocket handlers initialized
2026-01-29 07:19:54,526 INFO [mbc] [INFO] WebSocket handlers initialized
2026-01-29 07:22:39,399 INFO [mbc] [INFO] WebSocket handlers initialized
2026-01-29 07:23:16,277 INFO [mbc] [INFO] WebSocket handlers initialized
2026-01-29 07:24:26,841 INFO [mbc] [INFO] WebSocket handlers initialized
2026-01-29 07:27:14,996 INFO [mbc] [INFO] WebSocket handlers initialized
2026-01-29 07:27:33,757 INFO [mbc] [INFO] WebSocket handlers initialized
2026-01-29 07:27:35,018 INFO [mbc] [INFO] WebSocket handlers initialized
2026-01-29 07:29:35,121 INFO [mbc] [INFO] WebSocket handlers initialized
2026-01-29 07:29:36,447 INFO [mbc] [INFO] WebSocket handlers initialized
2026-01-29 07:29:37,680 INFO [mbc] [INFO] WebSocket handlers initialized
2026-01-29 07:31:33,770 INFO [mbc] [INFO] WebSocket handlers initialized
2026-01-29 07:31:35,017 INFO [mbc] [INFO] WebSocket handlers initialized
2026-01-29 07:32:07,330 INFO [mbc] [INFO] WebSocket handlers initialized
2026-01-29 07:32:08,611 INFO [mbc] [INFO] WebSocket handlers initialized
2026-01-29 07:33:27,187 INFO [mbc] [INFO] WebSocket handlers initialized
2026-01-29 07:33:28,491 INFO [mbc] [INFO] WebSocket handlers initialized
2026-01-29 07:36:25,067 INFO [mbc] [INFO] WebSocket handlers initialized
2026-01-29 07:37:27,742 INFO [mbc] [INFO] WebSocket handlers initialized
2026-01-29 09:27:20,127 INFO [mbc] [INFO] WebSocket handlers initialized
2026-01-29 09:28:39,114 INFO [mbc] [INFO] WebSocket handlers initialized
2026-01-29 09:29:12,427 INFO [mbc] [INFO] WebSocket handlers initialized
2026-01-29 09:29:50,538 INFO [mbc] [INFO] WebSocket handlers initialized
2026-01-29 09:30:13,297 INFO [mbc] [INFO] WebSocket handlers initialized
2026-01-29 09:31:25,160 INFO [mbc] [INFO] WebSocket handlers initialized
